Running php-build composer
WARNING! Your password will be stored unencrypted in /home/runner/.docker/config.json.
Configure a credential helper to remove this warning. See
https://docs.docker.com/engine/reference/commandline/login/#credentials-store

Login Succeeded
Pulling docker.pkg.github.com/edriving-limited/custom-sqs-driver/php-actions_composer_custom-sqs-driver:php-7.3-build2.1.0
Error response from daemon: manifest unknown
Dockerfile:
FROM php:7.3-cli-alpine
RUN apk add --update --no-cache zip git bash openssh
Sending build context to Docker daemon  222.2kB
Step 1/2 : FROM php:7.3-cli-alpine
7.3-cli-alpine: Pulling from library/php
3d2430473443: Pulling fs layer
459cf206553a: Pulling fs layer
672bda396649: Pulling fs layer
71751fed054d: Pulling fs layer
8dce0d3bfb80: Pulling fs layer
9d37fa671e43: Pulling fs layer
1ad5a9ad4024: Pulling fs layer
0fa61c5e63fa: Pulling fs layer
53b6c10fa480: Pulling fs layer
8dce0d3bfb80: Waiting
9d37fa671e43: Waiting
1ad5a9ad4024: Waiting
0fa61c5e63fa: Waiting
53b6c10fa480: Waiting
71751fed054d: Waiting
672bda396649: Download complete
3d2430473443: Verifying Checksum
3d2430473443: Download complete
459cf206553a: Verifying Checksum
459cf206553a: Download complete
71751fed054d: Verifying Checksum
71751fed054d: Download complete
3d2430473443: Pull complete
9d37fa671e43: Verifying Checksum
9d37fa671e43: Download complete
459cf206553a: Pull complete
8dce0d3bfb80: Verifying Checksum
8dce0d3bfb80: Download complete
0fa61c5e63fa: Verifying Checksum
0fa61c5e63fa: Download complete
672bda396649: Pull complete
1ad5a9ad4024: Verifying Checksum
1ad5a9ad4024: Download complete
53b6c10fa480: Verifying Checksum
53b6c10fa480: Download complete
71751fed054d: Pull complete
8dce0d3bfb80: Pull complete
9d37fa671e43: Pull complete
1ad5a9ad4024: Pull complete
0fa61c5e63fa: Pull complete
53b6c10fa480: Pull complete
Digest: sha256:fd3ba9775db86a585335ddb5310f458d2ff7636e8c6a45f5e66472c468e96111
Status: Downloaded newer image for php:7.3-cli-alpine
 ---> 8e078b6a6493
Step 2/2 : RUN apk add --update --no-cache zip git bash openssh
 ---> Running in 2d7e76c1d0f3
fetch https://dl-cdn.alpinelinux.org/alpine/v3.15/main/x86_64/APKINDEX.tar.gz
fetch https://dl-cdn.alpinelinux.org/alpine/v3.15/community/x86_64/APKINDEX.tar.gz
(1/14) Installing bash (5.1.16-r0)
Executing bash-5.1.16-r0.post-install
(2/14) Installing expat (2.5.0-r0)
(3/14) Installing pcre2 (10.40-r0)
(4/14) Installing git (2.34.8-r0)
(5/14) Installing openssh-keygen (8.8_p1-r1)
(6/14) Installing libedit (20210910.3.1-r0)
(7/14) Installing openssh-client-common (8.8_p1-r1)
(8/14) Installing openssh-client-default (8.8_p1-r1)
(9/14) Installing openssh-sftp-server (8.8_p1-r1)
(10/14) Installing openssh-server-common (8.8_p1-r1)
(11/14) Installing openssh-server (8.8_p1-r1)
(12/14) Installing openssh (8.8_p1-r1)
(13/14) Installing unzip (6.0-r9)
(14/14) Installing zip (3.0-r9)
Executing busybox-1.34.1-r4.trigger
OK: 33 MiB in 46 packages
Removing intermediate container 2d7e76c1d0f3
 ---> f73ae36773f2
Successfully built f73ae36773f2
Successfully tagged docker.pkg.github.com/edriving-limited/custom-sqs-driver/php-actions_composer_custom-sqs-driver:php-7.3-build2.1.0
The push refers to repository [docker.pkg.github.com/edriving-limited/custom-sqs-driver/php-actions_composer_custom-sqs-driver]
1556c7e1d1e3: Preparing
5b7eae7cb0a9: Preparing
abb6899faa40: Preparing
1faad2933987: Preparing
9c47c96dab38: Preparing
14d66de3e2bc: Preparing
bd2e74432d86: Preparing
f22bd90d1a30: Preparing
9ea7c7ff16d8: Preparing
5e03d8cae877: Preparing
14d66de3e2bc: Waiting
bd2e74432d86: Waiting
f22bd90d1a30: Waiting
9ea7c7ff16d8: Waiting
5e03d8cae877: Waiting
5b7eae7cb0a9: Pushed
9c47c96dab38: Pushed
abb6899faa40: Pushed
1556c7e1d1e3: Pushed
f22bd90d1a30: Pushed
bd2e74432d86: Pushed
14d66de3e2bc: Pushed
1faad2933987: Pushed
9ea7c7ff16d8: Pushed
5e03d8cae877: Pushed
php-7.3-build2.1.0: digest: sha256:eb19bbc8935177e7313dd22ffc1b6b0b4d3ad62379a9c6fe497e2096e2867ad1 size: 2413
Docker tag: docker.pkg.github.com/edriving-limited/custom-sqs-driver/php-actions_composer_custom-sqs-driver:php-7.3-build2.1.0
No private keys supplied
Command: composer install --no-progress --no-interaction
Skipping env variable PHP_VERSION
Skipping env variable PWD
Skipping env variable HOME
Skipping env variable SHLVL
Skipping env variable PATH
Running php-build composer
WARNING! Your password will be stored unencrypted in /home/runner/.docker/config.json.
Configure a credential helper to remove this warning. See
https://docs.docker.com/engine/reference/commandline/login/#credentials-store

Login Succeeded
Pulling docker.pkg.github.com/edriving-limited/custom-sqs-driver/php-actions_composer_custom-sqs-driver:php-7.3-build2.1.0
php-7.3-build2.1.0: Pulling from edriving-limited/custom-sqs-driver/php-actions_composer_custom-sqs-driver
3d2430473443: Pulling fs layer
459cf206553a: Pulling fs layer
672bda396649: Pulling fs layer
71751fed054d: Pulling fs layer
8dce0d3bfb80: Pulling fs layer
9d37fa671e43: Pulling fs layer
1ad5a9ad4024: Pulling fs layer
0fa61c5e63fa: Pulling fs layer
53b6c10fa480: Pulling fs layer
a4be69565a3f: Pulling fs layer
71751fed054d: Waiting
8dce0d3bfb80: Waiting
9d37fa671e43: Waiting
1ad5a9ad4024: Waiting
0fa61c5e63fa: Waiting
53b6c10fa480: Waiting
a4be69565a3f: Waiting
459cf206553a: Download complete
3d2430473443: Verifying Checksum
672bda396649: Verifying Checksum
672bda396649: Download complete
3d2430473443: Pull complete
71751fed054d: Verifying Checksum
71751fed054d: Download complete
9d37fa671e43: Verifying Checksum
9d37fa671e43: Download complete
8dce0d3bfb80: Verifying Checksum
8dce0d3bfb80: Download complete
459cf206553a: Pull complete
0fa61c5e63fa: Verifying Checksum
0fa61c5e63fa: Download complete
1ad5a9ad4024: Verifying Checksum
1ad5a9ad4024: Download complete
53b6c10fa480: Verifying Checksum
53b6c10fa480: Download complete
672bda396649: Pull complete
71751fed054d: Pull complete
8dce0d3bfb80: Pull complete
9d37fa671e43: Pull complete
a4be69565a3f: Verifying Checksum
a4be69565a3f: Download complete
1ad5a9ad4024: Pull complete
0fa61c5e63fa: Pull complete
53b6c10fa480: Pull complete
a4be69565a3f: Pull complete
Digest: sha256:5ef023d03d9771fac2914d2d0ad63b99dcedeb114075fb8e3055d77de1a469a5
Status: Downloaded newer image for docker.pkg.github.com/edriving-limited/custom-sqs-driver/php-actions_composer_custom-sqs-driver:php-7.3-build2.1.0
docker.pkg.github.com/edriving-limited/custom-sqs-driver/php-actions_composer_custom-sqs-driver:php-7.3-build2.1.0
Docker tag: docker.pkg.github.com/edriving-limited/custom-sqs-driver/php-actions_composer_custom-sqs-driver:php-7.3-build2.1.0
No private keys supplied
Command: composer install --no-progress --no-interaction
Skipping env variable PHP_VERSION
Skipping env variable PWD
Skipping env variable HOME
Skipping env variable SHLVL
Skipping env variable PATH
